Set parameter Username
Academic license - for non-commercial use only - expires 2026-10-21

 [!] GlobalSettings:
	- use_restart                             : True
	- use_mip_tightening                      : True
	- use_attack                              : True
	- attack_interval                         : 10
	- use_mip_verify                          : True
	- input_splitting_threshold               : 0.5
	- hidden_splitting_threshold              : 0.01
	- safety_num_input_perturbed              : 200
	- skip_preprocess                         : False
	- use_save_reasoning_step                 : False
	- max_iterations                          : 1000000000.0
	- skip_initial_worst_bound                : -1000000.0
	- max_domains                             : 1000000000.0
	- use_decompose                           : False
	- restart_current_hidden_branches         : 2000
	- restart_visited_hidden_branches         : 20000
	- restart_current_input_branches          : 20000
	- restart_visited_input_branches          : 200000
	- restart_max_runtime                     : 60.0
	- restart_max_runtime_percentage          : 0.4
	- mip_tightening_patience                 : 10
	- mip_tightening_timeout_per_neuron       : 15.0
	- mip_tightening_topk                     : 64
	- use_gpu_tightening                      : False
	- gpu_tightening_current_hidden_branches  : 1000
	- gpu_tightening_visited_hidden_branches  : 5000
	- gpu_tightening_timeout                  : 10.0
	- gpu_tightening_patience                 : 10
	- gpu_tightening_topk                     : 500
	- use_mip_attack                          : False
	- mip_verify_threshold                    : 2
	- default_abstraction_method              : backward
	- share_alphas                            : False
	- backward_batch_size                     : inf
	- forward_max_dim                         : 10000
	- forward_dynamic                         : False
	- use_decompose_incomplete                : False
	- init_abstraction_method                 : crown-optimized
	- subverifier_decision_method             : smart
	- verify_candidate_batch                  : 3
	- verify_last_timeout                     : 200.0
	- verify_interm_timeout                   : 20.0
	- sequential_batch                        : 100
	- use_sequential_abstract_forward         : False
	- verify_extra_opts                       : {'sparse_intermediate_bounds': True}
	- verify_splitting_strategy               : hidden
	- use_extra_substitution                  : False
	- verify_max_iteration                    : 4
	- verify_candidate_num                    : 128
	- verify_interpolate_factor               : 0.5

DEBUG    13:45:11     net path: /storage/nguyenho/BFAVerifier/OurVerifier/export_dir/PTQ_mnist_3blk_10_10_10_qu_4_0_15_0.onnx
DEBUG    13:45:11     spec path: /storage/nguyenho/BFAVerifier/OurVerifier/export_dir/PTQ_mnist_3blk_10_10_10_qu_4_0_15_0.vnnlib
DEBUG    13:45:11     timeout: 300.0
DEBUG    13:45:11     device: cuda
ConvertModel(
  (Constant_/Constant_output_0): Constant(constant=784)
  (Constant_/Constant_1_output_0): Constant(constant=tensor([1], device='cuda:0'))
  (Constant_/Constant_2_output_0): Constant(constant=tensor([0], device='cuda:0'))
  (Constant_/Constant_3_output_0): Constant(constant=tensor([784], device='cuda:0'))
  (Constant_/Constant_4_output_0): Constant(constant=tensor([1], device='cuda:0'))
  (Slice_/Slice_output_0): Slice()
  (Flatten_/layers.0/Flatten_output_0): Flatten(start_dim=1, end_dim=-1)
  (Gather_/Gather_output_0): Gather()
  (Gemm_/layers.1/linear_layer/Gemm_output_0): Linear(in_features=784, out_features=10, bias=True)
  (Constant_/layers.1/Constant_output_0): Constant(constant=15)
  (Gather_/layers.1/Gather_output_0): Gather()
  (Mul_/layers.1/Mul_output_0): mul()
  (Constant_/layers.1/Constant_1_output_0): Constant(constant=tensor([1], device='cuda:0'))
  (Unsqueeze_/layers.1/Unsqueeze_output_0): Unsqueeze()
  (Mul_/layers.1/Mul_1_output_0): mul()
  (Add_/layers.1/Add_output_0): Add()
  (Relu_/layers.2/Relu_output_0): ReLU()
  (Gemm_/layers.3/Gemm_output_0): Linear(in_features=10, out_features=10, bias=True)
  (Relu_/layers.4/Relu_output_0): ReLU()
  (Gemm_/layers.5/Gemm_output_0): Linear(in_features=10, out_features=10, bias=True)
  (Relu_/layers.6/Relu_output_0): ReLU()
  (Gemm_output): Linear(in_features=10, out_features=10, bias=True)
)
INFO     13:45:12     [!] Input shape: (1, 785)
INFO     13:45:12     [!] Output shape: (1, 10)
INFO     13:45:12     [!] VNNLIB: 785 inputs, 10 outputs
INFO     13:45:12     [Failed] RandomAttack(seed=492, device=cuda)
Attacking PGD F32 iterations=100000 restarts=20 timeout=9.922889709472656 cs.shape=torch.Size([9, 1, 10]) rhs.shape=torch.Size([9, 1])
INFO     13:45:22     [Failed] PGDAttack(seed=824, device=cuda)
INFO     13:45:22     [!] eps=0.831082, perturbed=785
[!] Found unsupported layer: <class 'helper.network.onnx2pytorch.operations.constant.Constant'>
INFO     13:45:22     Params of 1-th run: {'input_split': True, 'abstract_method': 'forward+backward', 'decision_method': 'naive', 'decision_topk': 1}
INFO     13:45:22     [_setup_restart] _init_abstractor
DEBUG    13:45:22     [select_params] Try self.input_split=True Settings.backward_batch_size=inf extra_opts={} mode='patches' method='forward+backward'
DEBUG    13:45:22     [_init_module] Try bound_opts={'conv_mode': 'patches', 'verbosity': 0}
INFO     13:45:22     [_check_module] Failed: self.input_split=True Settings.backward_batch_size=inf extra_opts={} mode='patches' method='forward+backward'
DEBUG    13:45:22     [select_params] Try self.input_split=True Settings.backward_batch_size=inf extra_opts={} mode='matrix' method='forward+backward'
DEBUG    13:45:22     [_init_module] Try bound_opts={'conv_mode': 'matrix', 'verbosity': 0}
INFO     13:45:22     [_check_module] Failed: self.input_split=True Settings.backward_batch_size=inf extra_opts={} mode='matrix' method='forward+backward'
DEBUG    13:45:22     [select_params] Try self.input_split=True Settings.backward_batch_size=inf extra_opts={} mode='patches' method='backward'
DEBUG    13:45:22     [_init_module] Try bound_opts={'conv_mode': 'patches', 'verbosity': 0}
INFO     13:45:23     [select_params] Success: self.input_split=True Settings.backward_batch_size=inf extra_opts={} mode='patches' method='backward'
INFO     13:45:23     Try batch size 1000
INFO     13:45:23     Initial bounds (first 10): tensor([ 8.8511, 10.1294, 19.7358, 25.1749,  6.3625, 22.8269,  7.0402, 34.8315,
         7.6462])
INFO     13:45:23     Verified: 9 	 Remain: 0
INFO     13:45:23     [!] Iterations: 0
INFO     13:45:23     [!] Result: unsat
INFO     13:45:23     [!] Runtime: 12.3528
unsat,12.3528
